Hmm ... looks like a package

This is pdfTeX, Version 3.14159265-2.6-1.40.16 (TeX Live 2015/Debian) (preloaded format=pdflatex)
 restricted \write18 enabled.
entering extended mode
LaTeX2e <2016/02/01>
Babel <3.9q> and hyphenation patterns for 3 language(s) loaded.
(./Rd2.tex
(/usr/share/texlive/texmf-dist/tex/latex/base/book.cls
Document Class: book 2014/09/29 v1.4h Standard LaTeX document class
(/usr/share/texlive/texmf-dist/tex/latex/base/bk10.clo))
(/home/mosquia/R/R352/lib/R/share/texmf/tex/latex/Rd.sty
(/usr/share/texlive/texmf-dist/tex/latex/base/ifthen.sty)
(/usr/share/texlive/texmf-dist/tex/latex/tools/longtable.sty)
(/usr/share/texlive/texmf-dist/tex/latex/tools/bm.sty)
(/usr/share/texlive/texmf-dist/tex/latex/base/alltt.sty)
(/usr/share/texlive/texmf-dist/tex/latex/tools/verbatim.sty)
(/usr/share/texlive/texmf-dist/tex/latex/url/url.sty)
(/usr/share/texlive/texmf-dist/tex/latex/base/textcomp.sty
(/usr/share/texlive/texmf-dist/tex/latex/base/ts1enc.def))
(/usr/share/texlive/texmf-dist/tex/latex/base/fontenc.sty
(/usr/share/texlive/texmf-dist/tex/latex/base/t1enc.def))
(/usr/share/texlive/texmf-dist/tex/latex/psnfss/times.sty)
(/usr/share/texlive/texmf-dist/tex/latex/inconsolata/zi4.sty
`inconsolata-zi4' v1.10, 2016/02/22 Text macros for Inconsolata (msharpe)
(/usr/share/texlive/texmf-dist/tex/latex/graphics/keyval.sty))
(/usr/share/texlive/texmf-dist/tex/latex/graphics/color.sty
(/usr/share/texlive/texmf-dist/tex/latex/latexconfig/color.cfg)
(/usr/share/texlive/texmf-dist/tex/latex/pdftex-def/pdftex.def
(/usr/share/texlive/texmf-dist/tex/generic/oberdiek/infwarerr.sty)
(/usr/share/texlive/texmf-dist/tex/generic/oberdiek/ltxcmds.sty)))
(/usr/share/texlive/texmf-dist/tex/latex/hyperref/hyperref.sty
(/usr/share/texlive/texmf-dist/tex/generic/oberdiek/hobsub-hyperref.sty
(/usr/share/texlive/texmf-dist/tex/generic/oberdiek/hobsub-generic.sty))
(/usr/share/texlive/texmf-dist/tex/generic/ifxetex/ifxetex.sty)
(/usr/share/texlive/texmf-dist/tex/latex/oberdiek/auxhook.sty)
(/usr/share/texlive/texmf-dist/tex/latex/oberdiek/kvoptions.sty)
(/usr/share/texlive/texmf-dist/tex/latex/hyperref/pd1enc.def)
(/usr/share/texlive/texmf-dist/tex/latex/latexconfig/hyperref.cfg))

Package hyperref Message: Driver (autodetected): hpdftex.

(/usr/share/texlive/texmf-dist/tex/latex/hyperref/hpdftex.def
(/usr/share/texlive/texmf-dist/tex/latex/oberdiek/rerunfilecheck.sty))

Package hyperref Warning: Option `hyperindex' has already been used,
(hyperref)                setting the option has no effect on input line 366.


Package hyperref Warning: Option `pagebackref' has already been used,
(hyperref)                setting the option has no effect on input line 366.

) (/usr/share/texlive/texmf-dist/tex/latex/base/makeidx.sty)
(/usr/share/texlive/texmf-dist/tex/latex/base/inputenc.sty
(/usr/share/texlive/texmf-dist/tex/latex/base/utf8.def
(/usr/share/texlive/texmf-dist/tex/latex/base/t1enc.dfu)
(/usr/share/texlive/texmf-dist/tex/latex/base/ot1enc.dfu)
(/usr/share/texlive/texmf-dist/tex/latex/base/omsenc.dfu)
(/usr/share/texlive/texmf-dist/tex/latex/base/ts1enc.dfu))
(/usr/share/texlive/texmf-dist/tex/latex/base/latin1.def))
Writing index file Rd2.idx
No file Rd2.aux.
(/usr/share/texlive/texmf-dist/tex/latex/base/ts1cmr.fd)
(/usr/share/texlive/texmf-dist/tex/latex/psnfss/t1ptm.fd)
(/usr/share/texlive/texmf-dist/tex/context/base/supp-pdf.mkii
[Loading MPS to PDF converter (version 2006.09.02).]
) (/usr/share/texlive/texmf-dist/tex/latex/hyperref/nameref.sty
(/usr/share/texlive/texmf-dist/tex/generic/oberdiek/gettitlestring.sty))
(/usr/share/texlive/texmf-dist/tex/latex/inconsolata/t1zi4.fd)
(/usr/share/texlive/texmf-dist/tex/latex/psnfss/t1phv.fd)
(/usr/share/texlive/texmf-dist/tex/latex/base/utf8.def) [1{/var/lib/texmf/fonts
/map/pdftex/updmap/pdftex.map}]
(/usr/share/texlive/texmf-dist/tex/latex/psnfss/ts1ptm.fd) [2]
Overfull \hbox (21.31737pt too wide) in paragraph at lines 118--119
[]\T1/ptm/m/n/10 Model-Based HCRs: ane-HCRE, an-nu-al-TAC, CF-PM-SY-HCR, F2Catc
hHCR, Froe-se-HCR, IcesHCR,

Overfull \hbox (83.58102pt too wide) in paragraph at lines 158--158
 []\T1/zi4/m/n/9 # Load the data to run FLBEIA in a one stock one fleet example
 using the HCR used by ICES in the MSY framework.[] 

Overfull \hbox (119.581pt too wide) in paragraph at lines 161--161
 []\T1/zi4/m/n/9 oneAdv$TAC[,ac(2009:2025)] <- NA # Put NA-s in the projection 
years to check how the function fills the advice object.[] 
(/usr/share/texlive/texmf-dist/tex/latex/inconsolata/ts1zi4.fd)
Overfull \hbox (166.38101pt too wide) in paragraph at lines 163--163
 []\T1/zi4/m/n/9 res <- IcesHCR(oneSt, oneAdv, oneAdvC, 19, \TS1/zi4/m/n/9 '\T1
/zi4/m/n/9 stk1\TS1/zi4/m/n/9 '\T1/zi4/m/n/9 ) # The value printed in the scree
n is the fishing mortality used in the advice.[] 
[3] (/usr/share/texlive/texmf-dist/tex/latex/base/utf8.def) [4]
Overfull \hbox (1.63725pt too wide) in paragraph at lines 281--283
[]\T1/ptm/m/n/10 advSum, ad-v-SumQ: Data frame with the in-di-ca-tors re-lated 
with the man-age-ment ad-vice (TAC).
[5] [6]
Overfull \hbox (69.18097pt too wide) in paragraph at lines 401--401
 []\T1/zi4/m/n/9 # Wide format with seasonal disaggregation. No seasonal disagr
egation available for bio and adv summaries.[] 

Underfull \vbox (badness 10000) has occurred while \output is active [7]
Underfull \vbox (badness 10000) has occurred while \output is active [8]
Overfull \hbox (141.181pt too wide) in paragraph at lines 493--493
 []\T1/zi4/m/n/9 oneItRes_risk <- riskSum(oneItRes, Bpa = c(stk1= 900), Blim = 
c(stk1 = 600), Prflim = c(fl1 = 0), scenario = \TS1/zi4/m/n/9 '\T1/zi4/m/n/9 al
ternative\TS1/zi4/m/n/9 '\T1/zi4/m/n/9 )[] 

Underfull \vbox (badness 10000) has occurred while \output is active [9]
Overfull \hbox (322.98105pt too wide) in paragraph at lines 560--560
 []\T1/zi4/m/n/9 risk_multiRes <- riskSum(multiRes, Bpa = c(stk1= 135000, stk2 
= 124000), Blim = c(stk1= 96000, stk2 = 89000), Prflim = c(fl1 = 0, fl2 = 0), s
cenario = \TS1/zi4/m/n/9 '\T1/zi4/m/n/9 alternative\TS1/zi4/m/n/9 '\T1/zi4/m/n/
9 )[] 
(/usr/share/texlive/texmf-dist/tex/latex/base/utf8.def) [10]
(/usr/share/texlive/texmf-dist/tex/latex/base/utf8.def)
(/usr/share/texlive/texmf-dist/tex/latex/base/utf8.def) [11]
(/usr/share/texlive/texmf-dist/tex/latex/base/utf8.def) [12]
(/usr/share/texlive/texmf-dist/tex/latex/base/utf8.def) [13]
(/usr/share/texlive/texmf-dist/tex/latex/base/utf8.def)
(/usr/share/texlive/texmf-dist/tex/latex/base/utf8.def) [14]
(/usr/share/texlive/texmf-dist/tex/latex/base/utf8.def) [15] [16]
(/usr/share/texlive/texmf-dist/tex/latex/base/utf8.def)
Overfull \hbox (8.63734pt too wide) in paragraph at lines 982--983
[]\T1/ptm/m/n/10 fl.met.stk_landings.wt.flq: 'fl' fleet,'met' metier and 'stk' 
stock's mean weight
[17]
Overfull \hbox (7.51724pt too wide) in paragraph at lines 984--985
[]\T1/ptm/m/n/10 fl.met.stk_discards.wt.flq: 'fl' fleet,'met' metier and 'stk' 
stock's mean weight

Overfull \hbox (6.2476pt too wide) in paragraph at lines 990--992
[]\T1/ptm/m/n/10 fl.met.stk_proj.avg.yrs: His-toric years to cal-cu-late the av
-er-age of land-ings.wt,
(/usr/share/texlive/texmf-dist/tex/latex/base/utf8.def) [18]
Overfull \hbox (16.8382pt too wide) in paragraph at lines 1052--1053
[]\T1/ptm/m/n/10 stk_ind_index.flq: His-tor-i-cal in-dex data for in-dex 'ind' 
of stock 'stk' (FLQuant). 

Overfull \hbox (33.74802pt too wide) in paragraph at lines 1062--1063
[]\T1/ptm/m/n/10 stk_ind_catch.n.flq: Catch at age in num-bers for 'ind' in-dex
 of stock 'stk'(FLQuant). 

Overfull \hbox (21.06767pt too wide) in paragraph at lines 1065--1066
[]\T1/ptm/m/n/10 stk_ind_sel.pattern.flq: Se-lec-tion pat-tern for 'ind' in-dex
 of stock 'stk' (FLQuant). 
(/usr/share/texlive/texmf-dist/tex/latex/base/utf8.def) [19]
(/usr/share/texlive/texmf-dist/tex/latex/base/utf8.def) [20]
(/usr/share/texlive/texmf-dist/tex/latex/base/utf8.def) [21] [22]
(/usr/share/texlive/texmf-dist/tex/latex/base/utf8.def) [23]
Overfull \hbox (3.3171pt too wide) in paragraph at lines 1389--1391
[]\T1/ptm/m/n/10 B_flbeia, F_flbeia... re-turn an ar-ray with three di-men-sion
s (stock, year and iter). The sum-mary_flbeia
(/usr/share/texlive/texmf-dist/tex/latex/base/utf8.def) [24]
(/usr/share/texlive/texmf-dist/tex/latex/base/utf8.def) [25] [26]
Overfull \hbox (83.58102pt too wide) in paragraph at lines 1515--1515
 []\T1/zi4/m/n/9 # Load the data to run FLBEIA in a one stock one fleet example
 using the HCR used by ICES in the MSY framework.[] 

Overfull \hbox (52.98099pt too wide) in paragraph at lines 1521--1521
 []\T1/zi4/m/n/9 # In this scenario a single, age-structured, stock is exploite
d by a single fleet with a unique metier.[] 

Overfull \hbox (56.581pt too wide) in paragraph at lines 1522--1522
 []\T1/zi4/m/n/9 # The fleet catches yearly exactly the adviced TAC and there i
s no exit-entry of vessels in the fishery.[] 

Overfull \hbox (24.18097pt too wide) in paragraph at lines 1523--1523
 []\T1/zi4/m/n/9 # The stock abundance and exploitation level is observed witho
ut error in the observation model.[] 

Overfull \hbox (71.88101pt too wide) in paragraph at lines 1524--1524
 []\T1/zi4/m/n/9 # There is no assessment model and the TAC advice is used thro
ugh the HCR used by ICES in the MSY framework.[] 

Overfull \hbox (59.28107pt too wide) in paragraph at lines 1536--1536
 []         \T1/zi4/m/n/9 main.ctrl = oneMainC,     # A list with one element t
o define the start and end of the simulation.[] 

Overfull \hbox (81.78107pt too wide) in paragraph at lines 1537--1537
 []        \T1/zi4/m/n/9 biols.ctrl = oneBioC,      # A list with one element t
o select the model to simulate the stock dynamics.[] 

Overfull \hbox (158.28107pt too wide) in paragraph at lines 1538--1538
 []       \T1/zi4/m/n/9 fleets.ctrl = oneFlC,       # A list with several eleme
nts to select fleet dynamic models and store additional parameters.[] 

Overfull \hbox (68.28107pt too wide) in paragraph at lines 1540--1540
 []          \T1/zi4/m/n/9 obs.ctrl = oneObsC,      # A list with one element t
o define how the stock observed ("PerfectObs").[] 

Overfull \hbox (136.68106pt too wide) in paragraph at lines 1541--1541
 []       \T1/zi4/m/n/9 assess.ctrl = oneAssC,      # A list with one element t
o define how the stock assessment model used ("NoAssessment").[] 

Overfull \hbox (95.28107pt too wide) in paragraph at lines 1542--1542
 []       \T1/zi4/m/n/9 advice.ctrl = oneAdvC)       # A list with one element 
to define how the TAC advice is obtained ("IcesHCR").[] 

Underfull \vbox (badness 10000) has occurred while \output is active [27]
Overfull \hbox (68.28107pt too wide) in paragraph at lines 1582--1582
 []         \T1/zi4/m/n/9 main.ctrl = oneItMainC,     # A list with one element
 to define the start and end of the simulation.[] 

Overfull \hbox (90.78107pt too wide) in paragraph at lines 1583--1583
 []        \T1/zi4/m/n/9 biols.ctrl = oneItBioC,      # A list with one element
 to select the model to simulate the stock dynamics.[] 

Overfull \hbox (167.28107pt too wide) in paragraph at lines 1584--1584
 []       \T1/zi4/m/n/9 fleets.ctrl = oneItFlC,       # A list with several ele
ments to select fleet dynamic models and store additional parameters.[] 

Overfull \hbox (77.28107pt too wide) in paragraph at lines 1586--1586
 []          \T1/zi4/m/n/9 obs.ctrl = oneItObsC,      # A list with one element
 to define how the stock observed ("PerfectObs").[] 

Overfull \hbox (145.68106pt too wide) in paragraph at lines 1587--1587
 []       \T1/zi4/m/n/9 assess.ctrl = oneItAssC,      # A list with one element
 to define how the stock assessment model used ("NoAssessment").[] 

Overfull \hbox (104.28107pt too wide) in paragraph at lines 1588--1588
 []       \T1/zi4/m/n/9 advice.ctrl = oneItAdvC)       # A list with one elemen
t to define how the TAC advice is obtained ("IcesHCR").[] 

Underfull \vbox (badness 10000) has occurred while \output is active [28]
Overfull \hbox (68.28107pt too wide) in paragraph at lines 1641--1641
 []         \T1/zi4/m/n/9 main.ctrl = multiMainC,     # A list with one element
 to define the start and end of the simulation.[] 

Overfull \hbox (90.78107pt too wide) in paragraph at lines 1642--1642
 []        \T1/zi4/m/n/9 biols.ctrl = multiBioC,      # A list with one element
 to select the model to simulate the stock dynamics.[] 

Overfull \hbox (167.28107pt too wide) in paragraph at lines 1643--1643
 []       \T1/zi4/m/n/9 fleets.ctrl = multiFlC,       # A list with several ele
ments to select fleet dynamic models and store additional parameters.[] 

Overfull \hbox (77.28107pt too wide) in paragraph at lines 1645--1645
 []          \T1/zi4/m/n/9 obs.ctrl = multiObsC,      # A list with one element
 to define how the stock observed ("PerfectObs").[] 

Overfull \hbox (145.68106pt too wide) in paragraph at lines 1646--1646
 []       \T1/zi4/m/n/9 assess.ctrl = multiAssC,      # A list with one element
 to define how the stock assessment model used ("NoAssessment").[] 

Overfull \hbox (104.28107pt too wide) in paragraph at lines 1647--1647
 []       \T1/zi4/m/n/9 advice.ctrl = multiAdvC)       # A list with one elemen
t to define how the TAC advice is obtained ("IcesHCR").[] 

Underfull \vbox (badness 10000) has occurred while \output is active [29]
(/usr/share/texlive/texmf-dist/tex/latex/base/utf8.def) [30pdfTeX warning (ext4
): destination with the same identifier (name{Rfn.FLCatchesExt,}) has been alre
ady used, duplicate ignored

\AtBegShi@Output ...ipout \box \AtBeginShipoutBox 
                                                  \fi \fi 
l.1768 \item[\code{range}]
                           Numerical vector with min, max, plusgroup, minyea...
pdfTeX warning (ext4): destination with the same identifier (name{Rfn.FLCatches
Ext,}) has been already used, duplicate ignored

\AtBegShi@Output ...ipout \box \AtBeginShipoutBox 
                                                  \fi \fi 
l.1768 \item[\code{range}]
                           Numerical vector with min, max, plusgroup, minyea...
pdfTeX warning (ext4): destination with the same identifier (name{Rfn.FLCatches
Ext,}) has been already used, duplicate ignored

\AtBegShi@Output ...ipout \box \AtBeginShipoutBox 
                                                  \fi \fi 
l.1768 \item[\code{range}]
                           Numerical vector with min, max, plusgroup, minyea...
pdfTeX warning (ext4): destination with the same identifier (name{Rfn.FLCatches
Ext,}) has been already used, duplicate ignored

\AtBegShi@Output ...ipout \box \AtBeginShipoutBox 
                                                  \fi \fi 
l.1768 \item[\code{range}]
                           Numerical vector with min, max, plusgroup, minyea...
pdfTeX warning (ext4): destination with the same identifier (name{Rfn.FLCatchEx
t}) has been already used, duplicate ignored

\AtBegShi@Output ...ipout \box \AtBeginShipoutBox 
                                                  \fi \fi 
l.1768 \item[\code{range}]
                           Numerical vector with min, max, plusgroup, minyea...
pdfTeX warning (ext4): destination with the same identifier (name{Rfn.FLCatchEx
t}) has been already used, duplicate ignored

\AtBegShi@Output ...ipout \box \AtBeginShipoutBox 
                                                  \fi \fi 
l.1768 \item[\code{range}]
                           Numerical vector with min, max, plusgroup, minyea...
pdfTeX warning (ext4): destination with the same identifier (name{Rfn.FLCatchEx
t,}) has been already used, duplicate ignored

\AtBegShi@Output ...ipout \box \AtBeginShipoutBox 
                                                  \fi \fi 
l.1768 \item[\code{range}]
                           Numerical vector with min, max, plusgroup, minyea...
] [31] (/usr/share/texlive/texmf-dist/tex/latex/base/utf8.def) [32pdfTeX warnin
g (ext4): destination with the same identifier (name{Rfn.FLFleetExt,FLFleetExt.
Rdash.method}) has been already used, duplicate ignored

\AtBegShi@Output ...ipout \box \AtBeginShipoutBox 
                                                  \fi \fi 
l.1896 ...d for signature 'FLFleetExt,ANY,ANY,ANY'
                                                  ]
(/usr/share/texlive/texmf-dist/tex/latex/base/utf8.def) [33]
(/usr/share/texlive/texmf-dist/tex/latex/base/utf8.def) [34]
(/usr/share/texlive/texmf-dist/tex/latex/base/utf8.def) [35]
Overfull \hbox (0.48785pt too wide) in paragraph at lines 2100--2101
[]\T1/ptm/m/n/10 Numeric. Blim ref-er-ence point for the stock (op-tional ar-gu
-ment).=NA, Bpa=NA,

Overfull \hbox (9.78094pt too wide) in paragraph at lines 2143--2143
 []\T1/zi4/m/n/9 plotbioSum( bioSum(oneRes), Blim=800, Bpa=1200, proj.yr=2010) 
# bioSum output in wide format[] 
[36]
Overfull \hbox (56.58096pt too wide) in paragraph at lines 2151--2151
 []\T1/zi4/m/n/9 plotfltSum( fltSum(oneRes, byyear = FALSE)) # although seasona
l disagregation, it is summarised by year[] 

Overfull \hbox (38.58096pt too wide) in paragraph at lines 2167--2167
 []\T1/zi4/m/n/9 plotfltSum( fltSum(s1, byyear = FALSE)) # although seasonal di
sagregation, it is summarised by year[] 
(/usr/share/texlive/texmf-dist/tex/latex/base/utf8.def) [37]
(/usr/share/texlive/texmf-dist/tex/latex/base/utf8.def) [38]
(/usr/share/texlive/texmf-dist/tex/latex/base/utf8.def)
(/usr/share/texlive/texmf-dist/tex/latex/base/utf8.def) [39]
(/usr/share/texlive/texmf-dist/tex/latex/base/utf8.def) [40]
(/usr/share/texlive/texmf-dist/tex/latex/base/utf8.def)
(/usr/share/texlive/texmf-dist/tex/latex/base/utf8.def) [41] [42]
No file Rd2.ind.
[43] (/tmp/RtmpFShswp/Rd2pdf771019c54fa5/Rd2.aux)

Package rerunfilecheck Warning: File `Rd2.out' has changed.
(rerunfilecheck)                Rerun to get outlines right
(rerunfilecheck)                or use package `bookmark'.

 )
(see the transcript file for additional information)pdfTeX warning (dest): name
{Rfn.FLQuant.Rdash.class} has been referenced but does not exist, replaced by a
 fixed one

pdfTeX warning (dest): name{Rfn.FLIndices.Rdash.class} has been referenced but 
does not exist, replaced by a fixed one

pdfTeX warning (dest): name{Rfn.FLSRSim.Rdash.class} has been referenced but do
es not exist, replaced by a fixed one

pdfTeX warning (dest): name{Rfn.FLBiols.Rdash.class} has been referenced but do
es not exist, replaced by a fixed one

pdfTeX warning (dest): name{Rfn.data.frame} has been referenced but does not ex
ist, replaced by a fixed one

pdfTeX warning (dest): name{Rfn.bevholt} has been referenced but does not exist
, replaced by a fixed one

pdfTeX warning (dest): name{Rfn.FLIndices} has been referenced but does not exi
st, replaced by a fixed one

pdfTeX warning (dest): name{Rfn.FLQuants} has been referenced but does not exis
t, replaced by a fixed one

pdfTeX warning (dest): name{Rfn.FLBiols} has been referenced but does not exist
, replaced by a fixed one

pdfTeX warning (dest): name{Rfn.create.fleets.arrays} has been referenced but d
oes not exist, replaced by a fixed one

pdfTeX warning (dest): name{Rfn.FLBiol} has been referenced but does not exist,
 replaced by a fixed one

{/usr/share/texlive/texmf-dist/fonts/enc/dvips/inconsolata/i4-ts1.enc}{/usr/sha
re/texlive/texmf-dist/fonts/enc/dvips/base/8r.enc}{/usr/share/texlive/texmf-dis
t/fonts/enc/dvips/inconsolata/i4-t1-0.enc}</usr/share/texlive/texmf-dist/fonts/
type1/public/inconsolata/Inconsolata-zi4r.pfb></usr/share/texlive/texmf-dist/fo
nts/type1/urw/helvetic/uhvr8a.pfb></usr/share/texlive/texmf-dist/fonts/type1/ur
w/times/utmb8a.pfb></usr/share/texlive/texmf-dist/fonts/type1/urw/times/utmr8a.
pfb></usr/share/texlive/texmf-dist/fonts/type1/urw/times/utmr8a.pfb></usr/share
/texlive/texmf-dist/fonts/type1/urw/times/utmri8a.pfb>
Output written on Rd2.pdf (43 pages, 161447 bytes).
Transcript written on Rd2.log.
This is pdfTeX, Version 3.14159265-2.6-1.40.16 (TeX Live 2015/Debian) (preloaded format=pdflatex)
 restricted \write18 enabled.
entering extended mode
LaTeX2e <2016/02/01>
Babel <3.9q> and hyphenation patterns for 3 language(s) loaded.
(./Rd2.tex
(/usr/share/texlive/texmf-dist/tex/latex/base/book.cls
Document Class: book 2014/09/29 v1.4h Standard LaTeX document class
(/usr/share/texlive/texmf-dist/tex/latex/base/bk10.clo))
(/home/mosquia/R/R352/lib/R/share/texmf/tex/latex/Rd.sty
(/usr/share/texlive/texmf-dist/tex/latex/base/ifthen.sty)
(/usr/share/texlive/texmf-dist/tex/latex/tools/longtable.sty)
(/usr/share/texlive/texmf-dist/tex/latex/tools/bm.sty)
(/usr/share/texlive/texmf-dist/tex/latex/base/alltt.sty)
(/usr/share/texlive/texmf-dist/tex/latex/tools/verbatim.sty)
(/usr/share/texlive/texmf-dist/tex/latex/url/url.sty)
(/usr/share/texlive/texmf-dist/tex/latex/base/textcomp.sty
(/usr/share/texlive/texmf-dist/tex/latex/base/ts1enc.def))
(/usr/share/texlive/texmf-dist/tex/latex/base/fontenc.sty
(/usr/share/texlive/texmf-dist/tex/latex/base/t1enc.def))
(/usr/share/texlive/texmf-dist/tex/latex/psnfss/times.sty)
(/usr/share/texlive/texmf-dist/tex/latex/inconsolata/zi4.sty
`inconsolata-zi4' v1.10, 2016/02/22 Text macros for Inconsolata (msharpe)
(/usr/share/texlive/texmf-dist/tex/latex/graphics/keyval.sty))
(/usr/share/texlive/texmf-dist/tex/latex/graphics/color.sty
(/usr/share/texlive/texmf-dist/tex/latex/latexconfig/color.cfg)
(/usr/share/texlive/texmf-dist/tex/latex/pdftex-def/pdftex.def
(/usr/share/texlive/texmf-dist/tex/generic/oberdiek/infwarerr.sty)
(/usr/share/texlive/texmf-dist/tex/generic/oberdiek/ltxcmds.sty)))
(/usr/share/texlive/texmf-dist/tex/latex/hyperref/hyperref.sty
(/usr/share/texlive/texmf-dist/tex/generic/oberdiek/hobsub-hyperref.sty
(/usr/share/texlive/texmf-dist/tex/generic/oberdiek/hobsub-generic.sty))
(/usr/share/texlive/texmf-dist/tex/generic/ifxetex/ifxetex.sty)
(/usr/share/texlive/texmf-dist/tex/latex/oberdiek/auxhook.sty)
(/usr/share/texlive/texmf-dist/tex/latex/oberdiek/kvoptions.sty)
(/usr/share/texlive/texmf-dist/tex/latex/hyperref/pd1enc.def)
(/usr/share/texlive/texmf-dist/tex/latex/latexconfig/hyperref.cfg))

Package hyperref Message: Driver (autodetected): hpdftex.

(/usr/share/texlive/texmf-dist/tex/latex/hyperref/hpdftex.def
(/usr/share/texlive/texmf-dist/tex/latex/oberdiek/rerunfilecheck.sty))

Package hyperref Warning: Option `hyperindex' has already been used,
(hyperref)                setting the option has no effect on input line 366.


Package hyperref Warning: Option `pagebackref' has already been used,
(hyperref)                setting the option has no effect on input line 366.

) (/usr/share/texlive/texmf-dist/tex/latex/base/makeidx.sty)
(/usr/share/texlive/texmf-dist/tex/latex/base/inputenc.sty
(/usr/share/texlive/texmf-dist/tex/latex/base/utf8.def
(/usr/share/texlive/texmf-dist/tex/latex/base/t1enc.dfu)
(/usr/share/texlive/texmf-dist/tex/latex/base/ot1enc.dfu)
(/usr/share/texlive/texmf-dist/tex/latex/base/omsenc.dfu)
(/usr/share/texlive/texmf-dist/tex/latex/base/ts1enc.dfu))
(/usr/share/texlive/texmf-dist/tex/latex/base/latin1.def))
Writing index file Rd2.idx
(/tmp/RtmpFShswp/Rd2pdf771019c54fa5/Rd2.aux)
(/usr/share/texlive/texmf-dist/tex/latex/base/ts1cmr.fd)
(/usr/share/texlive/texmf-dist/tex/latex/psnfss/t1ptm.fd)
(/usr/share/texlive/texmf-dist/tex/context/base/supp-pdf.mkii
[Loading MPS to PDF converter (version 2006.09.02).]
) (/usr/share/texlive/texmf-dist/tex/latex/hyperref/nameref.sty
(/usr/share/texlive/texmf-dist/tex/generic/oberdiek/gettitlestring.sty))
(/tmp/RtmpFShswp/Rd2pdf771019c54fa5/Rd2.out)
(/tmp/RtmpFShswp/Rd2pdf771019c54fa5/Rd2.out)
(/usr/share/texlive/texmf-dist/tex/latex/inconsolata/t1zi4.fd)
(/usr/share/texlive/texmf-dist/tex/latex/psnfss/t1phv.fd)
(/tmp/RtmpFShswp/Rd2pdf771019c54fa5/Rd2.toc [1{/var/lib/texmf/fonts/map/pdftex/
updmap/pdftex.map}]) (/usr/share/texlive/texmf-dist/tex/latex/base/utf8.def)
[2] (/usr/share/texlive/texmf-dist/tex/latex/psnfss/ts1ptm.fd)
Overfull \hbox (21.31737pt too wide) in paragraph at lines 118--119
[]\T1/ptm/m/n/10 Model-Based HCRs: ane-HCRE, an-nu-al-TAC, CF-PM-SY-HCR, F2Catc
hHCR, Froe-se-HCR, IcesHCR,
[3]
Overfull \hbox (83.58102pt too wide) in paragraph at lines 158--158
 []\T1/zi4/m/n/9 # Load the data to run FLBEIA in a one stock one fleet example
 using the HCR used by ICES in the MSY framework.[] 

Overfull \hbox (119.581pt too wide) in paragraph at lines 161--161
 []\T1/zi4/m/n/9 oneAdv$TAC[,ac(2009:2025)] <- NA # Put NA-s in the projection 
years to check how the function fills the advice object.[] 
(/usr/share/texlive/texmf-dist/tex/latex/inconsolata/ts1zi4.fd)
Overfull \hbox (166.38101pt too wide) in paragraph at lines 163--163
 []\T1/zi4/m/n/9 res <- IcesHCR(oneSt, oneAdv, oneAdvC, 19, \TS1/zi4/m/n/9 '\T1
/zi4/m/n/9 stk1\TS1/zi4/m/n/9 '\T1/zi4/m/n/9 ) # The value printed in the scree
n is the fishing mortality used in the advice.[] 
(/usr/share/texlive/texmf-dist/tex/latex/base/utf8.def) [4] [5]
Overfull \hbox (1.63725pt too wide) in paragraph at lines 281--283
[]\T1/ptm/m/n/10 advSum, ad-v-SumQ: Data frame with the in-di-ca-tors re-lated 
with the man-age-ment ad-vice (TAC).
[6] [7]
Overfull \hbox (69.18097pt too wide) in paragraph at lines 401--401
 []\T1/zi4/m/n/9 # Wide format with seasonal disaggregation. No seasonal disagr
egation available for bio and adv summaries.[] 

Underfull \vbox (badness 10000) has occurred while \output is active [8]
Underfull \vbox (badness 10000) has occurred while \output is active [9]
Overfull \hbox (141.181pt too wide) in paragraph at lines 493--493
 []\T1/zi4/m/n/9 oneItRes_risk <- riskSum(oneItRes, Bpa = c(stk1= 900), Blim = 
c(stk1 = 600), Prflim = c(fl1 = 0), scenario = \TS1/zi4/m/n/9 '\T1/zi4/m/n/9 al
ternative\TS1/zi4/m/n/9 '\T1/zi4/m/n/9 )[] 

Underfull \vbox (badness 10000) has occurred while \output is active [10]
Overfull \hbox (322.98105pt too wide) in paragraph at lines 560--560
 []\T1/zi4/m/n/9 risk_multiRes <- riskSum(multiRes, Bpa = c(stk1= 135000, stk2 
= 124000), Blim = c(stk1= 96000, stk2 = 89000), Prflim = c(fl1 = 0, fl2 = 0), s
cenario = \TS1/zi4/m/n/9 '\T1/zi4/m/n/9 alternative\TS1/zi4/m/n/9 '\T1/zi4/m/n/
9 )[] 
(/usr/share/texlive/texmf-dist/tex/latex/base/utf8.def)
(/usr/share/texlive/texmf-dist/tex/latex/base/utf8.def) [11]
(/usr/share/texlive/texmf-dist/tex/latex/base/utf8.def) [12]
(/usr/share/texlive/texmf-dist/tex/latex/base/utf8.def) [13]
(/usr/share/texlive/texmf-dist/tex/latex/base/utf8.def) [14]
(/usr/share/texlive/texmf-dist/tex/latex/base/utf8.def)
(/usr/share/texlive/texmf-dist/tex/latex/base/utf8.def) [15]
(/usr/share/texlive/texmf-dist/tex/latex/base/utf8.def) [16]
(/usr/share/texlive/texmf-dist/tex/latex/base/utf8.def) [17]
Overfull \hbox (8.63734pt too wide) in paragraph at lines 982--983
[]\T1/ptm/m/n/10 fl.met.stk_landings.wt.flq: 'fl' fleet,'met' metier and 'stk' 
stock's mean weight

Overfull \hbox (7.51724pt too wide) in paragraph at lines 984--985
[]\T1/ptm/m/n/10 fl.met.stk_discards.wt.flq: 'fl' fleet,'met' metier and 'stk' 
stock's mean weight

Overfull \hbox (6.2476pt too wide) in paragraph at lines 990--992
[]\T1/ptm/m/n/10 fl.met.stk_proj.avg.yrs: His-toric years to cal-cu-late the av
-er-age of land-ings.wt,
[18] (/usr/share/texlive/texmf-dist/tex/latex/base/utf8.def)
Overfull \hbox (16.8382pt too wide) in paragraph at lines 1052--1053
[]\T1/ptm/m/n/10 stk_ind_index.flq: His-tor-i-cal in-dex data for in-dex 'ind' 
of stock 'stk' (FLQuant). 
[19]
Overfull \hbox (33.74802pt too wide) in paragraph at lines 1062--1063
[]\T1/ptm/m/n/10 stk_ind_catch.n.flq: Catch at age in num-bers for 'ind' in-dex
 of stock 'stk'(FLQuant). 

Overfull \hbox (21.06767pt too wide) in paragraph at lines 1065--1066
[]\T1/ptm/m/n/10 stk_ind_sel.pattern.flq: Se-lec-tion pat-tern for 'ind' in-dex
 of stock 'stk' (FLQuant). 
(/usr/share/texlive/texmf-dist/tex/latex/base/utf8.def) [20]
(/usr/share/texlive/texmf-dist/tex/latex/base/utf8.def) [21]
(/usr/share/texlive/texmf-dist/tex/latex/base/utf8.def) [22] [23]
(/usr/share/texlive/texmf-dist/tex/latex/base/utf8.def) [24]
Overfull \hbox (3.3171pt too wide) in paragraph at lines 1389--1391
[]\T1/ptm/m/n/10 B_flbeia, F_flbeia... re-turn an ar-ray with three di-men-sion
s (stock, year and iter). The sum-mary_flbeia
(/usr/share/texlive/texmf-dist/tex/latex/base/utf8.def) [25]
(/usr/share/texlive/texmf-dist/tex/latex/base/utf8.def) [26]
Overfull \hbox (83.58102pt too wide) in paragraph at lines 1515--1515
 []\T1/zi4/m/n/9 # Load the data to run FLBEIA in a one stock one fleet example
 using the HCR used by ICES in the MSY framework.[] 

Overfull \hbox (52.98099pt too wide) in paragraph at lines 1521--1521
 []\T1/zi4/m/n/9 # In this scenario a single, age-structured, stock is exploite
d by a single fleet with a unique metier.[] 

Overfull \hbox (56.581pt too wide) in paragraph at lines 1522--1522
 []\T1/zi4/m/n/9 # The fleet catches yearly exactly the adviced TAC and there i
s no exit-entry of vessels in the fishery.[] 

Overfull \hbox (24.18097pt too wide) in paragraph at lines 1523--1523
 []\T1/zi4/m/n/9 # The stock abundance and exploitation level is observed witho
ut error in the observation model.[] 

Overfull \hbox (71.88101pt too wide) in paragraph at lines 1524--1524
 []\T1/zi4/m/n/9 # There is no assessment model and the TAC advice is used thro
ugh the HCR used by ICES in the MSY framework.[] 

Overfull \hbox (59.28107pt too wide) in paragraph at lines 1536--1536
 []         \T1/zi4/m/n/9 main.ctrl = oneMainC,     # A list with one element t
o define the start and end of the simulation.[] 

Overfull \hbox (81.78107pt too wide) in paragraph at lines 1537--1537
 []        \T1/zi4/m/n/9 biols.ctrl = oneBioC,      # A list with one element t
o select the model to simulate the stock dynamics.[] 

Overfull \hbox (158.28107pt too wide) in paragraph at lines 1538--1538
 []       \T1/zi4/m/n/9 fleets.ctrl = oneFlC,       # A list with several eleme
nts to select fleet dynamic models and store additional parameters.[] 
[27]
Overfull \hbox (68.28107pt too wide) in paragraph at lines 1540--1540
 []          \T1/zi4/m/n/9 obs.ctrl = oneObsC,      # A list with one element t
o define how the stock observed ("PerfectObs").[] 

Overfull \hbox (136.68106pt too wide) in paragraph at lines 1541--1541
 []       \T1/zi4/m/n/9 assess.ctrl = oneAssC,      # A list with one element t
o define how the stock assessment model used ("NoAssessment").[] 

Overfull \hbox (95.28107pt too wide) in paragraph at lines 1542--1542
 []       \T1/zi4/m/n/9 advice.ctrl = oneAdvC)       # A list with one element 
to define how the TAC advice is obtained ("IcesHCR").[] 

Overfull \hbox (68.28107pt too wide) in paragraph at lines 1582--1582
 []         \T1/zi4/m/n/9 main.ctrl = oneItMainC,     # A list with one element
 to define the start and end of the simulation.[] 

Overfull \hbox (90.78107pt too wide) in paragraph at lines 1583--1583
 []        \T1/zi4/m/n/9 biols.ctrl = oneItBioC,      # A list with one element
 to select the model to simulate the stock dynamics.[] 

Overfull \hbox (167.28107pt too wide) in paragraph at lines 1584--1584
 []       \T1/zi4/m/n/9 fleets.ctrl = oneItFlC,       # A list with several ele
ments to select fleet dynamic models and store additional parameters.[] 

Overfull \hbox (77.28107pt too wide) in paragraph at lines 1586--1586
 []          \T1/zi4/m/n/9 obs.ctrl = oneItObsC,      # A list with one element
 to define how the stock observed ("PerfectObs").[] 

Overfull \hbox (145.68106pt too wide) in paragraph at lines 1587--1587
 []       \T1/zi4/m/n/9 assess.ctrl = oneItAssC,      # A list with one element
 to define how the stock assessment model used ("NoAssessment").[] 

Overfull \hbox (104.28107pt too wide) in paragraph at lines 1588--1588
 []       \T1/zi4/m/n/9 advice.ctrl = oneItAdvC)       # A list with one elemen
t to define how the TAC advice is obtained ("IcesHCR").[] 

Underfull \vbox (badness 10000) has occurred while \output is active [28]
Overfull \hbox (68.28107pt too wide) in paragraph at lines 1641--1641
 []         \T1/zi4/m/n/9 main.ctrl = multiMainC,     # A list with one element
 to define the start and end of the simulation.[] 

Overfull \hbox (90.78107pt too wide) in paragraph at lines 1642--1642
 []        \T1/zi4/m/n/9 biols.ctrl = multiBioC,      # A list with one element
 to select the model to simulate the stock dynamics.[] 

Overfull \hbox (167.28107pt too wide) in paragraph at lines 1643--1643
 []       \T1/zi4/m/n/9 fleets.ctrl = multiFlC,       # A list with several ele
ments to select fleet dynamic models and store additional parameters.[] 

Overfull \hbox (77.28107pt too wide) in paragraph at lines 1645--1645
 []          \T1/zi4/m/n/9 obs.ctrl = multiObsC,      # A list with one element
 to define how the stock observed ("PerfectObs").[] 

Overfull \hbox (145.68106pt too wide) in paragraph at lines 1646--1646
 []       \T1/zi4/m/n/9 assess.ctrl = multiAssC,      # A list with one element
 to define how the stock assessment model used ("NoAssessment").[] 

Overfull \hbox (104.28107pt too wide) in paragraph at lines 1647--1647
 []       \T1/zi4/m/n/9 advice.ctrl = multiAdvC)       # A list with one elemen
t to define how the TAC advice is obtained ("IcesHCR").[] 

Underfull \vbox (badness 10000) has occurred while \output is active [29]
(/usr/share/texlive/texmf-dist/tex/latex/base/utf8.def) [30pdfTeX warning (ext4
): destination with the same identifier (name{Rfn.FLCatchesExt,}) has been alre
ady used, duplicate ignored

\AtBegShi@Output ...ipout \box \AtBeginShipoutBox 
                                                  \fi \fi 
l.1743 FLCatchExt(object, ...)
                              pdfTeX warning (ext4): destination with the same 
identifier (name{Rfn.FLCatchesExt,}) has been already used, duplicate ignored

\AtBegShi@Output ...ipout \box \AtBeginShipoutBox 
                                                  \fi \fi 
l.1743 FLCatchExt(object, ...)
                              pdfTeX warning (ext4): destination with the same 
identifier (name{Rfn.FLCatchesExt,}) has been already used, duplicate ignored

\AtBegShi@Output ...ipout \box \AtBeginShipoutBox 
                                                  \fi \fi 
l.1743 FLCatchExt(object, ...)
                              pdfTeX warning (ext4): destination with the same 
identifier (name{Rfn.FLCatchesExt,}) has been already used, duplicate ignored

\AtBegShi@Output ...ipout \box \AtBeginShipoutBox 
                                                  \fi \fi 
l.1743 FLCatchExt(object, ...)
                              pdfTeX warning (ext4): destination with the same 
identifier (name{Rfn.FLCatchExt}) has been already used, duplicate ignored

\AtBegShi@Output ...ipout \box \AtBeginShipoutBox 
                                                  \fi \fi 
l.1743 FLCatchExt(object, ...)
                              pdfTeX warning (ext4): destination with the same 
identifier (name{Rfn.FLCatchExt}) has been already used, duplicate ignored

\AtBegShi@Output ...ipout \box \AtBeginShipoutBox 
                                                  \fi \fi 
l.1743 FLCatchExt(object, ...)
                              pdfTeX warning (ext4): destination with the same 
identifier (name{Rfn.FLCatchExt,}) has been already used, duplicate ignored

\AtBegShi@Output ...ipout \box \AtBeginShipoutBox 
                                                  \fi \fi 
l.1743 FLCatchExt(object, ...)
                              ] [31]
(/usr/share/texlive/texmf-dist/tex/latex/base/utf8.def) [32pdfTeX warning (ext4
): destination with the same identifier (name{Rfn.FLFleetExt,FLFleetExt.Rdash.m
ethod}) has been already used, duplicate ignored

\AtBegShi@Output ...ipout \box \AtBeginShipoutBox 
                                                  \fi \fi 
l.1878 ## S4 method for signature 'FLMetierExt'
                                               ]
(/usr/share/texlive/texmf-dist/tex/latex/base/utf8.def) [33] [34]
(/usr/share/texlive/texmf-dist/tex/latex/base/utf8.def) [35]
(/usr/share/texlive/texmf-dist/tex/latex/base/utf8.def)
Overfull \hbox (0.48785pt too wide) in paragraph at lines 2100--2101
[]\T1/ptm/m/n/10 Numeric. Blim ref-er-ence point for the stock (op-tional ar-gu
-ment).=NA, Bpa=NA,
[36]
Overfull \hbox (9.78094pt too wide) in paragraph at lines 2143--2143
 []\T1/zi4/m/n/9 plotbioSum( bioSum(oneRes), Blim=800, Bpa=1200, proj.yr=2010) 
# bioSum output in wide format[] 

Overfull \hbox (56.58096pt too wide) in paragraph at lines 2151--2151
 []\T1/zi4/m/n/9 plotfltSum( fltSum(oneRes, byyear = FALSE)) # although seasona
l disagregation, it is summarised by year[] 

Overfull \hbox (38.58096pt too wide) in paragraph at lines 2167--2167
 []\T1/zi4/m/n/9 plotfltSum( fltSum(s1, byyear = FALSE)) # although seasonal di
sagregation, it is summarised by year[] 
(/usr/share/texlive/texmf-dist/tex/latex/base/utf8.def) [37]
(/usr/share/texlive/texmf-dist/tex/latex/base/utf8.def) [38]
(/usr/share/texlive/texmf-dist/tex/latex/base/utf8.def) [39]
(/usr/share/texlive/texmf-dist/tex/latex/base/utf8.def)
(/usr/share/texlive/texmf-dist/tex/latex/base/utf8.def) [40]
(/usr/share/texlive/texmf-dist/tex/latex/base/utf8.def) [41]
(/usr/share/texlive/texmf-dist/tex/latex/base/utf8.def) [42]
No file Rd2.ind.
[43] (/tmp/RtmpFShswp/Rd2pdf771019c54fa5/Rd2.aux) )
(see the transcript file for additional information)pdfTeX warning (dest): name
{Rfn.FLQuant.Rdash.class} has been referenced but does not exist, replaced by a
 fixed one

pdfTeX warning (dest): name{Rfn.FLIndices.Rdash.class} has been referenced but 
does not exist, replaced by a fixed one

pdfTeX warning (dest): name{Rfn.FLSRSim.Rdash.class} has been referenced but do
es not exist, replaced by a fixed one

pdfTeX warning (dest): name{Rfn.FLBiols.Rdash.class} has been referenced but do
es not exist, replaced by a fixed one

pdfTeX warning (dest): name{Rfn.data.frame} has been referenced but does not ex
ist, replaced by a fixed one

pdfTeX warning (dest): name{Rfn.bevholt} has been referenced but does not exist
, replaced by a fixed one

pdfTeX warning (dest): name{Rfn.FLIndices} has been referenced but does not exi
st, replaced by a fixed one

pdfTeX warning (dest): name{Rfn.FLQuants} has been referenced but does not exis
t, replaced by a fixed one

pdfTeX warning (dest): name{Rfn.FLBiols} has been referenced but does not exist
, replaced by a fixed one

pdfTeX warning (dest): name{Rfn.create.fleets.arrays} has been referenced but d
oes not exist, replaced by a fixed one

pdfTeX warning (dest): name{Rfn.FLBiol} has been referenced but does not exist,
 replaced by a fixed one

{/usr/share/texlive/texmf-dist/fonts/enc/dvips/inconsolata/i4-ts1.enc}{/usr/sha
re/texlive/texmf-dist/fonts/enc/dvips/base/8r.enc}{/usr/share/texlive/texmf-dis
t/fonts/enc/dvips/inconsolata/i4-t1-0.enc}</usr/share/texlive/texmf-dist/fonts/
type1/public/inconsolata/Inconsolata-zi4r.pfb></usr/share/texlive/texmf-dist/fo
nts/type1/urw/helvetic/uhvr8a.pfb></usr/share/texlive/texmf-dist/fonts/type1/ur
w/times/utmb8a.pfb></usr/share/texlive/texmf-dist/fonts/type1/urw/times/utmr8a.
pfb></usr/share/texlive/texmf-dist/fonts/type1/urw/times/utmr8a.pfb></usr/share
/texlive/texmf-dist/fonts/type1/urw/times/utmri8a.pfb>
Output written on Rd2.pdf (43 pages, 164862 bytes).
Transcript written on Rd2.log.
This is makeindex, version 2.15 [TeX Live 2015] (kpathsea + Thai support).
Scanning input file Rd2.idx....done (197 entries accepted, 0 rejected).
Sorting entries.....done (1573 comparisons).
Generating output file Rd2.ind....done (359 lines written, 0 warnings).
Output written in Rd2.ind.
Transcript written in Rd2.ilg.
This is pdfTeX, Version 3.14159265-2.6-1.40.16 (TeX Live 2015/Debian) (preloaded format=pdflatex)
 restricted \write18 enabled.
entering extended mode
LaTeX2e <2016/02/01>
Babel <3.9q> and hyphenation patterns for 3 language(s) loaded.
(./Rd2.tex
(/usr/share/texlive/texmf-dist/tex/latex/base/book.cls
Document Class: book 2014/09/29 v1.4h Standard LaTeX document class
(/usr/share/texlive/texmf-dist/tex/latex/base/bk10.clo))
(/home/mosquia/R/R352/lib/R/share/texmf/tex/latex/Rd.sty
(/usr/share/texlive/texmf-dist/tex/latex/base/ifthen.sty)
(/usr/share/texlive/texmf-dist/tex/latex/tools/longtable.sty)
(/usr/share/texlive/texmf-dist/tex/latex/tools/bm.sty)
(/usr/share/texlive/texmf-dist/tex/latex/base/alltt.sty)
(/usr/share/texlive/texmf-dist/tex/latex/tools/verbatim.sty)
(/usr/share/texlive/texmf-dist/tex/latex/url/url.sty)
(/usr/share/texlive/texmf-dist/tex/latex/base/textcomp.sty
(/usr/share/texlive/texmf-dist/tex/latex/base/ts1enc.def))
(/usr/share/texlive/texmf-dist/tex/latex/base/fontenc.sty
(/usr/share/texlive/texmf-dist/tex/latex/base/t1enc.def))
(/usr/share/texlive/texmf-dist/tex/latex/psnfss/times.sty)
(/usr/share/texlive/texmf-dist/tex/latex/inconsolata/zi4.sty
`inconsolata-zi4' v1.10, 2016/02/22 Text macros for Inconsolata (msharpe)
(/usr/share/texlive/texmf-dist/tex/latex/graphics/keyval.sty))
(/usr/share/texlive/texmf-dist/tex/latex/graphics/color.sty
(/usr/share/texlive/texmf-dist/tex/latex/latexconfig/color.cfg)
(/usr/share/texlive/texmf-dist/tex/latex/pdftex-def/pdftex.def
(/usr/share/texlive/texmf-dist/tex/generic/oberdiek/infwarerr.sty)
(/usr/share/texlive/texmf-dist/tex/generic/oberdiek/ltxcmds.sty)))
(/usr/share/texlive/texmf-dist/tex/latex/hyperref/hyperref.sty
(/usr/share/texlive/texmf-dist/tex/generic/oberdiek/hobsub-hyperref.sty
(/usr/share/texlive/texmf-dist/tex/generic/oberdiek/hobsub-generic.sty))
(/usr/share/texlive/texmf-dist/tex/generic/ifxetex/ifxetex.sty)
(/usr/share/texlive/texmf-dist/tex/latex/oberdiek/auxhook.sty)
(/usr/share/texlive/texmf-dist/tex/latex/oberdiek/kvoptions.sty)
(/usr/share/texlive/texmf-dist/tex/latex/hyperref/pd1enc.def)
(/usr/share/texlive/texmf-dist/tex/latex/latexconfig/hyperref.cfg))

Package hyperref Message: Driver (autodetected): hpdftex.

(/usr/share/texlive/texmf-dist/tex/latex/hyperref/hpdftex.def
(/usr/share/texlive/texmf-dist/tex/latex/oberdiek/rerunfilecheck.sty))

Package hyperref Warning: Option `hyperindex' has already been used,
(hyperref)                setting the option has no effect on input line 366.


Package hyperref Warning: Option `pagebackref' has already been used,
(hyperref)                setting the option has no effect on input line 366.

) (/usr/share/texlive/texmf-dist/tex/latex/base/makeidx.sty)
(/usr/share/texlive/texmf-dist/tex/latex/base/inputenc.sty
(/usr/share/texlive/texmf-dist/tex/latex/base/utf8.def
(/usr/share/texlive/texmf-dist/tex/latex/base/t1enc.dfu)
(/usr/share/texlive/texmf-dist/tex/latex/base/ot1enc.dfu)
(/usr/share/texlive/texmf-dist/tex/latex/base/omsenc.dfu)
(/usr/share/texlive/texmf-dist/tex/latex/base/ts1enc.dfu))
(/usr/share/texlive/texmf-dist/tex/latex/base/latin1.def))
Writing index file Rd2.idx
(/tmp/RtmpFShswp/Rd2pdf771019c54fa5/Rd2.aux)
(/usr/share/texlive/texmf-dist/tex/latex/base/ts1cmr.fd)
(/usr/share/texlive/texmf-dist/tex/latex/psnfss/t1ptm.fd)
(/usr/share/texlive/texmf-dist/tex/context/base/supp-pdf.mkii
[Loading MPS to PDF converter (version 2006.09.02).]
) (/usr/share/texlive/texmf-dist/tex/latex/hyperref/nameref.sty
(/usr/share/texlive/texmf-dist/tex/generic/oberdiek/gettitlestring.sty))
(/tmp/RtmpFShswp/Rd2pdf771019c54fa5/Rd2.out)
(/tmp/RtmpFShswp/Rd2pdf771019c54fa5/Rd2.out)
(/usr/share/texlive/texmf-dist/tex/latex/inconsolata/t1zi4.fd)
(/usr/share/texlive/texmf-dist/tex/latex/psnfss/t1phv.fd)
(/tmp/RtmpFShswp/Rd2pdf771019c54fa5/Rd2.toc [1{/var/lib/texmf/fonts/map/pdftex/
updmap/pdftex.map}]) (/usr/share/texlive/texmf-dist/tex/latex/base/utf8.def)
[2] (/usr/share/texlive/texmf-dist/tex/latex/psnfss/ts1ptm.fd)
Overfull \hbox (21.31737pt too wide) in paragraph at lines 118--119
[]\T1/ptm/m/n/10 Model-Based HCRs: ane-HCRE, an-nu-al-TAC, CF-PM-SY-HCR, F2Catc
hHCR, Froe-se-HCR, IcesHCR,
[3]
Overfull \hbox (83.58102pt too wide) in paragraph at lines 158--158
 []\T1/zi4/m/n/9 # Load the data to run FLBEIA in a one stock one fleet example
 using the HCR used by ICES in the MSY framework.[] 

Overfull \hbox (119.581pt too wide) in paragraph at lines 161--161
 []\T1/zi4/m/n/9 oneAdv$TAC[,ac(2009:2025)] <- NA # Put NA-s in the projection 
years to check how the function fills the advice object.[] 
(/usr/share/texlive/texmf-dist/tex/latex/inconsolata/ts1zi4.fd)
Overfull \hbox (166.38101pt too wide) in paragraph at lines 163--163
 []\T1/zi4/m/n/9 res <- IcesHCR(oneSt, oneAdv, oneAdvC, 19, \TS1/zi4/m/n/9 '\T1
/zi4/m/n/9 stk1\TS1/zi4/m/n/9 '\T1/zi4/m/n/9 ) # The value printed in the scree
n is the fishing mortality used in the advice.[] 
(/usr/share/texlive/texmf-dist/tex/latex/base/utf8.def) [4] [5]
Overfull \hbox (1.63725pt too wide) in paragraph at lines 281--283
[]\T1/ptm/m/n/10 advSum, ad-v-SumQ: Data frame with the in-di-ca-tors re-lated 
with the man-age-ment ad-vice (TAC).
[6] [7]
Overfull \hbox (69.18097pt too wide) in paragraph at lines 401--401
 []\T1/zi4/m/n/9 # Wide format with seasonal disaggregation. No seasonal disagr
egation available for bio and adv summaries.[] 

Underfull \vbox (badness 10000) has occurred while \output is active [8]
Underfull \vbox (badness 10000) has occurred while \output is active [9]
Overfull \hbox (141.181pt too wide) in paragraph at lines 493--493
 []\T1/zi4/m/n/9 oneItRes_risk <- riskSum(oneItRes, Bpa = c(stk1= 900), Blim = 
c(stk1 = 600), Prflim = c(fl1 = 0), scenario = \TS1/zi4/m/n/9 '\T1/zi4/m/n/9 al
ternative\TS1/zi4/m/n/9 '\T1/zi4/m/n/9 )[] 

Underfull \vbox (badness 10000) has occurred while \output is active [10]
Overfull \hbox (322.98105pt too wide) in paragraph at lines 560--560
 []\T1/zi4/m/n/9 risk_multiRes <- riskSum(multiRes, Bpa = c(stk1= 135000, stk2 
= 124000), Blim = c(stk1= 96000, stk2 = 89000), Prflim = c(fl1 = 0, fl2 = 0), s
cenario = \TS1/zi4/m/n/9 '\T1/zi4/m/n/9 alternative\TS1/zi4/m/n/9 '\T1/zi4/m/n/
9 )[] 
(/usr/share/texlive/texmf-dist/tex/latex/base/utf8.def)
(/usr/share/texlive/texmf-dist/tex/latex/base/utf8.def) [11]
(/usr/share/texlive/texmf-dist/tex/latex/base/utf8.def) [12]
(/usr/share/texlive/texmf-dist/tex/latex/base/utf8.def) [13]
(/usr/share/texlive/texmf-dist/tex/latex/base/utf8.def) [14]
(/usr/share/texlive/texmf-dist/tex/latex/base/utf8.def)
(/usr/share/texlive/texmf-dist/tex/latex/base/utf8.def) [15]
(/usr/share/texlive/texmf-dist/tex/latex/base/utf8.def) [16]
(/usr/share/texlive/texmf-dist/tex/latex/base/utf8.def) [17]
Overfull \hbox (8.63734pt too wide) in paragraph at lines 982--983
[]\T1/ptm/m/n/10 fl.met.stk_landings.wt.flq: 'fl' fleet,'met' metier and 'stk' 
stock's mean weight

Overfull \hbox (7.51724pt too wide) in paragraph at lines 984--985
[]\T1/ptm/m/n/10 fl.met.stk_discards.wt.flq: 'fl' fleet,'met' metier and 'stk' 
stock's mean weight

Overfull \hbox (6.2476pt too wide) in paragraph at lines 990--992
[]\T1/ptm/m/n/10 fl.met.stk_proj.avg.yrs: His-toric years to cal-cu-late the av
-er-age of land-ings.wt,
[18] (/usr/share/texlive/texmf-dist/tex/latex/base/utf8.def)
Overfull \hbox (16.8382pt too wide) in paragraph at lines 1052--1053
[]\T1/ptm/m/n/10 stk_ind_index.flq: His-tor-i-cal in-dex data for in-dex 'ind' 
of stock 'stk' (FLQuant). 
[19]
Overfull \hbox (33.74802pt too wide) in paragraph at lines 1062--1063
[]\T1/ptm/m/n/10 stk_ind_catch.n.flq: Catch at age in num-bers for 'ind' in-dex
 of stock 'stk'(FLQuant). 

Overfull \hbox (21.06767pt too wide) in paragraph at lines 1065--1066
[]\T1/ptm/m/n/10 stk_ind_sel.pattern.flq: Se-lec-tion pat-tern for 'ind' in-dex
 of stock 'stk' (FLQuant). 
(/usr/share/texlive/texmf-dist/tex/latex/base/utf8.def) [20]
(/usr/share/texlive/texmf-dist/tex/latex/base/utf8.def) [21]
(/usr/share/texlive/texmf-dist/tex/latex/base/utf8.def) [22] [23]
(/usr/share/texlive/texmf-dist/tex/latex/base/utf8.def) [24]
Overfull \hbox (3.3171pt too wide) in paragraph at lines 1389--1391
[]\T1/ptm/m/n/10 B_flbeia, F_flbeia... re-turn an ar-ray with three di-men-sion
s (stock, year and iter). The sum-mary_flbeia
(/usr/share/texlive/texmf-dist/tex/latex/base/utf8.def) [25]
(/usr/share/texlive/texmf-dist/tex/latex/base/utf8.def) [26]
Overfull \hbox (83.58102pt too wide) in paragraph at lines 1515--1515
 []\T1/zi4/m/n/9 # Load the data to run FLBEIA in a one stock one fleet example
 using the HCR used by ICES in the MSY framework.[] 

Overfull \hbox (52.98099pt too wide) in paragraph at lines 1521--1521
 []\T1/zi4/m/n/9 # In this scenario a single, age-structured, stock is exploite
d by a single fleet with a unique metier.[] 

Overfull \hbox (56.581pt too wide) in paragraph at lines 1522--1522
 []\T1/zi4/m/n/9 # The fleet catches yearly exactly the adviced TAC and there i
s no exit-entry of vessels in the fishery.[] 

Overfull \hbox (24.18097pt too wide) in paragraph at lines 1523--1523
 []\T1/zi4/m/n/9 # The stock abundance and exploitation level is observed witho
ut error in the observation model.[] 

Overfull \hbox (71.88101pt too wide) in paragraph at lines 1524--1524
 []\T1/zi4/m/n/9 # There is no assessment model and the TAC advice is used thro
ugh the HCR used by ICES in the MSY framework.[] 

Overfull \hbox (59.28107pt too wide) in paragraph at lines 1536--1536
 []         \T1/zi4/m/n/9 main.ctrl = oneMainC,     # A list with one element t
o define the start and end of the simulation.[] 

Overfull \hbox (81.78107pt too wide) in paragraph at lines 1537--1537
 []        \T1/zi4/m/n/9 biols.ctrl = oneBioC,      # A list with one element t
o select the model to simulate the stock dynamics.[] 

Overfull \hbox (158.28107pt too wide) in paragraph at lines 1538--1538
 []       \T1/zi4/m/n/9 fleets.ctrl = oneFlC,       # A list with several eleme
nts to select fleet dynamic models and store additional parameters.[] 
[27]
Overfull \hbox (68.28107pt too wide) in paragraph at lines 1540--1540
 []          \T1/zi4/m/n/9 obs.ctrl = oneObsC,      # A list with one element t
o define how the stock observed ("PerfectObs").[] 

Overfull \hbox (136.68106pt too wide) in paragraph at lines 1541--1541
 []       \T1/zi4/m/n/9 assess.ctrl = oneAssC,      # A list with one element t
o define how the stock assessment model used ("NoAssessment").[] 

Overfull \hbox (95.28107pt too wide) in paragraph at lines 1542--1542
 []       \T1/zi4/m/n/9 advice.ctrl = oneAdvC)       # A list with one element 
to define how the TAC advice is obtained ("IcesHCR").[] 

Overfull \hbox (68.28107pt too wide) in paragraph at lines 1582--1582
 []         \T1/zi4/m/n/9 main.ctrl = oneItMainC,     # A list with one element
 to define the start and end of the simulation.[] 

Overfull \hbox (90.78107pt too wide) in paragraph at lines 1583--1583
 []        \T1/zi4/m/n/9 biols.ctrl = oneItBioC,      # A list with one element
 to select the model to simulate the stock dynamics.[] 

Overfull \hbox (167.28107pt too wide) in paragraph at lines 1584--1584
 []       \T1/zi4/m/n/9 fleets.ctrl = oneItFlC,       # A list with several ele
ments to select fleet dynamic models and store additional parameters.[] 

Overfull \hbox (77.28107pt too wide) in paragraph at lines 1586--1586
 []          \T1/zi4/m/n/9 obs.ctrl = oneItObsC,      # A list with one element
 to define how the stock observed ("PerfectObs").[] 

Overfull \hbox (145.68106pt too wide) in paragraph at lines 1587--1587
 []       \T1/zi4/m/n/9 assess.ctrl = oneItAssC,      # A list with one element
 to define how the stock assessment model used ("NoAssessment").[] 

Overfull \hbox (104.28107pt too wide) in paragraph at lines 1588--1588
 []       \T1/zi4/m/n/9 advice.ctrl = oneItAdvC)       # A list with one elemen
t to define how the TAC advice is obtained ("IcesHCR").[] 

Underfull \vbox (badness 10000) has occurred while \output is active [28]
Overfull \hbox (68.28107pt too wide) in paragraph at lines 1641--1641
 []         \T1/zi4/m/n/9 main.ctrl = multiMainC,     # A list with one element
 to define the start and end of the simulation.[] 

Overfull \hbox (90.78107pt too wide) in paragraph at lines 1642--1642
 []        \T1/zi4/m/n/9 biols.ctrl = multiBioC,      # A list with one element
 to select the model to simulate the stock dynamics.[] 

Overfull \hbox (167.28107pt too wide) in paragraph at lines 1643--1643
 []       \T1/zi4/m/n/9 fleets.ctrl = multiFlC,       # A list with several ele
ments to select fleet dynamic models and store additional parameters.[] 

Overfull \hbox (77.28107pt too wide) in paragraph at lines 1645--1645
 []          \T1/zi4/m/n/9 obs.ctrl = multiObsC,      # A list with one element
 to define how the stock observed ("PerfectObs").[] 

Overfull \hbox (145.68106pt too wide) in paragraph at lines 1646--1646
 []       \T1/zi4/m/n/9 assess.ctrl = multiAssC,      # A list with one element
 to define how the stock assessment model used ("NoAssessment").[] 

Overfull \hbox (104.28107pt too wide) in paragraph at lines 1647--1647
 []       \T1/zi4/m/n/9 advice.ctrl = multiAdvC)       # A list with one elemen
t to define how the TAC advice is obtained ("IcesHCR").[] 

Underfull \vbox (badness 10000) has occurred while \output is active [29]
(/usr/share/texlive/texmf-dist/tex/latex/base/utf8.def) [30pdfTeX warning (ext4
): destination with the same identifier (name{Rfn.FLCatchesExt,}) has been alre
ady used, duplicate ignored

\AtBegShi@Output ...ipout \box \AtBeginShipoutBox 
                                                  \fi \fi 
l.1743 FLCatchExt(object, ...)
                              pdfTeX warning (ext4): destination with the same 
identifier (name{Rfn.FLCatchesExt,}) has been already used, duplicate ignored

\AtBegShi@Output ...ipout \box \AtBeginShipoutBox 
                                                  \fi \fi 
l.1743 FLCatchExt(object, ...)
                              pdfTeX warning (ext4): destination with the same 
identifier (name{Rfn.FLCatchesExt,}) has been already used, duplicate ignored

\AtBegShi@Output ...ipout \box \AtBeginShipoutBox 
                                                  \fi \fi 
l.1743 FLCatchExt(object, ...)
                              pdfTeX warning (ext4): destination with the same 
identifier (name{Rfn.FLCatchesExt,}) has been already used, duplicate ignored

\AtBegShi@Output ...ipout \box \AtBeginShipoutBox 
                                                  \fi \fi 
l.1743 FLCatchExt(object, ...)
                              pdfTeX warning (ext4): destination with the same 
identifier (name{Rfn.FLCatchExt}) has been already used, duplicate ignored

\AtBegShi@Output ...ipout \box \AtBeginShipoutBox 
                                                  \fi \fi 
l.1743 FLCatchExt(object, ...)
                              pdfTeX warning (ext4): destination with the same 
identifier (name{Rfn.FLCatchExt}) has been already used, duplicate ignored

\AtBegShi@Output ...ipout \box \AtBeginShipoutBox 
                                                  \fi \fi 
l.1743 FLCatchExt(object, ...)
                              pdfTeX warning (ext4): destination with the same 
identifier (name{Rfn.FLCatchExt,}) has been already used, duplicate ignored

\AtBegShi@Output ...ipout \box \AtBeginShipoutBox 
                                                  \fi \fi 
l.1743 FLCatchExt(object, ...)
                              ] [31]
(/usr/share/texlive/texmf-dist/tex/latex/base/utf8.def) [32pdfTeX warning (ext4
): destination with the same identifier (name{Rfn.FLFleetExt,FLFleetExt.Rdash.m
ethod}) has been already used, duplicate ignored

\AtBegShi@Output ...ipout \box \AtBeginShipoutBox 
                                                  \fi \fi 
l.1878 ## S4 method for signature 'FLMetierExt'
                                               ]
(/usr/share/texlive/texmf-dist/tex/latex/base/utf8.def) [33] [34]
(/usr/share/texlive/texmf-dist/tex/latex/base/utf8.def) [35]
(/usr/share/texlive/texmf-dist/tex/latex/base/utf8.def)
Overfull \hbox (0.48785pt too wide) in paragraph at lines 2100--2101
[]\T1/ptm/m/n/10 Numeric. Blim ref-er-ence point for the stock (op-tional ar-gu
-ment).=NA, Bpa=NA,
[36]
Overfull \hbox (9.78094pt too wide) in paragraph at lines 2143--2143
 []\T1/zi4/m/n/9 plotbioSum( bioSum(oneRes), Blim=800, Bpa=1200, proj.yr=2010) 
# bioSum output in wide format[] 

Overfull \hbox (56.58096pt too wide) in paragraph at lines 2151--2151
 []\T1/zi4/m/n/9 plotfltSum( fltSum(oneRes, byyear = FALSE)) # although seasona
l disagregation, it is summarised by year[] 

Overfull \hbox (38.58096pt too wide) in paragraph at lines 2167--2167
 []\T1/zi4/m/n/9 plotfltSum( fltSum(s1, byyear = FALSE)) # although seasonal di
sagregation, it is summarised by year[] 
(/usr/share/texlive/texmf-dist/tex/latex/base/utf8.def) [37]
(/usr/share/texlive/texmf-dist/tex/latex/base/utf8.def) [38]
(/usr/share/texlive/texmf-dist/tex/latex/base/utf8.def) [39]
(/usr/share/texlive/texmf-dist/tex/latex/base/utf8.def)
(/usr/share/texlive/texmf-dist/tex/latex/base/utf8.def) [40]
(/usr/share/texlive/texmf-dist/tex/latex/base/utf8.def) [41]
(/usr/share/texlive/texmf-dist/tex/latex/base/utf8.def) [42]
(/tmp/RtmpFShswp/Rd2pdf771019c54fa5/Rd2.ind [43]

LaTeX Font Warning: Font shape `T1/zi4/m/it' undefined
(Font)              using `T1/zi4/m/n' instead on input line 7.


Overfull \hbox (10.8567pt too wide) in paragraph at lines 23--25
[]\T1/zi4/m/it/10 [<-,FLCatchExt,ANY,ANY,FLCatchExt-method 

Overfull \hbox (5.8567pt too wide) in paragraph at lines 34--36
[]\T1/zi4/m/it/10 addFLCatch,FLCatchExt,FLCatchExt-method 

Overfull \hbox (10.8567pt too wide) in paragraph at lines 66--68
[]\T1/zi4/m/it/10 catchNames<-,FLCatchExt,character-method 
[44] [45] [46]) (/tmp/RtmpFShswp/Rd2pdf771019c54fa5/Rd2.aux)

Package rerunfilecheck Warning: File `Rd2.out' has changed.
(rerunfilecheck)                Rerun to get outlines right
(rerunfilecheck)                or use package `bookmark'.


LaTeX Font Warning: Some font shapes were not available, defaults substituted.

 )
(see the transcript file for additional information)pdfTeX warning (dest): name
{Rfn.FLQuant.Rdash.class} has been referenced but does not exist, replaced by a
 fixed one

pdfTeX warning (dest): name{Rfn.FLIndices.Rdash.class} has been referenced but 
does not exist, replaced by a fixed one

pdfTeX warning (dest): name{Rfn.FLSRSim.Rdash.class} has been referenced but do
es not exist, replaced by a fixed one

pdfTeX warning (dest): name{Rfn.FLBiols.Rdash.class} has been referenced but do
es not exist, replaced by a fixed one

pdfTeX warning (dest): name{Rfn.data.frame} has been referenced but does not ex
ist, replaced by a fixed one

pdfTeX warning (dest): name{Rfn.bevholt} has been referenced but does not exist
, replaced by a fixed one

pdfTeX warning (dest): name{Rfn.FLIndices} has been referenced but does not exi
st, replaced by a fixed one

pdfTeX warning (dest): name{Rfn.FLQuants} has been referenced but does not exis
t, replaced by a fixed one

pdfTeX warning (dest): name{Rfn.FLBiols} has been referenced but does not exist
, replaced by a fixed one

pdfTeX warning (dest): name{Rfn.create.fleets.arrays} has been referenced but d
oes not exist, replaced by a fixed one

pdfTeX warning (dest): name{Rfn.FLBiol} has been referenced but does not exist,
 replaced by a fixed one

{/usr/share/texlive/texmf-dist/fonts/enc/dvips/inconsolata/i4-ts1.enc}{/usr/sha
re/texlive/texmf-dist/fonts/enc/dvips/base/8r.enc}{/usr/share/texlive/texmf-dis
t/fonts/enc/dvips/inconsolata/i4-t1-0.enc}</usr/share/texlive/texmf-dist/fonts/
type1/public/inconsolata/Inconsolata-zi4r.pfb></usr/share/texlive/texmf-dist/fo
nts/type1/public/amsfonts/cm/cmsy10.pfb></usr/share/texlive/texmf-dist/fonts/ty
pe1/urw/helvetic/uhvr8a.pfb></usr/share/texlive/texmf-dist/fonts/type1/urw/time
s/utmb8a.pfb></usr/share/texlive/texmf-dist/fonts/type1/urw/times/utmr8a.pfb></
usr/share/texlive/texmf-dist/fonts/type1/urw/times/utmr8a.pfb></usr/share/texli
ve/texmf-dist/fonts/type1/urw/times/utmri8a.pfb>
Output written on Rd2.pdf (46 pages, 183098 bytes).
Transcript written on Rd2.log.
This is makeindex, version 2.15 [TeX Live 2015] (kpathsea + Thai support).
Scanning input file Rd2.idx....done (197 entries accepted, 0 rejected).
Sorting entries.....done (1573 comparisons).
Generating output file Rd2.ind....done (359 lines written, 0 warnings).
Output written in Rd2.ind.
Transcript written in Rd2.ilg.
This is pdfTeX, Version 3.14159265-2.6-1.40.16 (TeX Live 2015/Debian) (preloaded format=pdflatex)
 restricted \write18 enabled.
entering extended mode
LaTeX2e <2016/02/01>
Babel <3.9q> and hyphenation patterns for 3 language(s) loaded.
(./Rd2.tex
(/usr/share/texlive/texmf-dist/tex/latex/base/book.cls
Document Class: book 2014/09/29 v1.4h Standard LaTeX document class
(/usr/share/texlive/texmf-dist/tex/latex/base/bk10.clo))
(/home/mosquia/R/R352/lib/R/share/texmf/tex/latex/Rd.sty
(/usr/share/texlive/texmf-dist/tex/latex/base/ifthen.sty)
(/usr/share/texlive/texmf-dist/tex/latex/tools/longtable.sty)
(/usr/share/texlive/texmf-dist/tex/latex/tools/bm.sty)
(/usr/share/texlive/texmf-dist/tex/latex/base/alltt.sty)
(/usr/share/texlive/texmf-dist/tex/latex/tools/verbatim.sty)
(/usr/share/texlive/texmf-dist/tex/latex/url/url.sty)
(/usr/share/texlive/texmf-dist/tex/latex/base/textcomp.sty
(/usr/share/texlive/texmf-dist/tex/latex/base/ts1enc.def))
(/usr/share/texlive/texmf-dist/tex/latex/base/fontenc.sty
(/usr/share/texlive/texmf-dist/tex/latex/base/t1enc.def))
(/usr/share/texlive/texmf-dist/tex/latex/psnfss/times.sty)
(/usr/share/texlive/texmf-dist/tex/latex/inconsolata/zi4.sty
`inconsolata-zi4' v1.10, 2016/02/22 Text macros for Inconsolata (msharpe)
(/usr/share/texlive/texmf-dist/tex/latex/graphics/keyval.sty))
(/usr/share/texlive/texmf-dist/tex/latex/graphics/color.sty
(/usr/share/texlive/texmf-dist/tex/latex/latexconfig/color.cfg)
(/usr/share/texlive/texmf-dist/tex/latex/pdftex-def/pdftex.def
(/usr/share/texlive/texmf-dist/tex/generic/oberdiek/infwarerr.sty)
(/usr/share/texlive/texmf-dist/tex/generic/oberdiek/ltxcmds.sty)))
(/usr/share/texlive/texmf-dist/tex/latex/hyperref/hyperref.sty
(/usr/share/texlive/texmf-dist/tex/generic/oberdiek/hobsub-hyperref.sty
(/usr/share/texlive/texmf-dist/tex/generic/oberdiek/hobsub-generic.sty))
(/usr/share/texlive/texmf-dist/tex/generic/ifxetex/ifxetex.sty)
(/usr/share/texlive/texmf-dist/tex/latex/oberdiek/auxhook.sty)
(/usr/share/texlive/texmf-dist/tex/latex/oberdiek/kvoptions.sty)
(/usr/share/texlive/texmf-dist/tex/latex/hyperref/pd1enc.def)
(/usr/share/texlive/texmf-dist/tex/latex/latexconfig/hyperref.cfg))

Package hyperref Message: Driver (autodetected): hpdftex.

(/usr/share/texlive/texmf-dist/tex/latex/hyperref/hpdftex.def
(/usr/share/texlive/texmf-dist/tex/latex/oberdiek/rerunfilecheck.sty))

Package hyperref Warning: Option `hyperindex' has already been used,
(hyperref)                setting the option has no effect on input line 366.


Package hyperref Warning: Option `pagebackref' has already been used,
(hyperref)                setting the option has no effect on input line 366.

) (/usr/share/texlive/texmf-dist/tex/latex/base/makeidx.sty)
(/usr/share/texlive/texmf-dist/tex/latex/base/inputenc.sty
(/usr/share/texlive/texmf-dist/tex/latex/base/utf8.def
(/usr/share/texlive/texmf-dist/tex/latex/base/t1enc.dfu)
(/usr/share/texlive/texmf-dist/tex/latex/base/ot1enc.dfu)
(/usr/share/texlive/texmf-dist/tex/latex/base/omsenc.dfu)
(/usr/share/texlive/texmf-dist/tex/latex/base/ts1enc.dfu))
(/usr/share/texlive/texmf-dist/tex/latex/base/latin1.def))
Writing index file Rd2.idx
(/tmp/RtmpFShswp/Rd2pdf771019c54fa5/Rd2.aux)
(/usr/share/texlive/texmf-dist/tex/latex/base/ts1cmr.fd)
(/usr/share/texlive/texmf-dist/tex/latex/psnfss/t1ptm.fd)
(/usr/share/texlive/texmf-dist/tex/context/base/supp-pdf.mkii
[Loading MPS to PDF converter (version 2006.09.02).]
) (/usr/share/texlive/texmf-dist/tex/latex/hyperref/nameref.sty
(/usr/share/texlive/texmf-dist/tex/generic/oberdiek/gettitlestring.sty))
(/tmp/RtmpFShswp/Rd2pdf771019c54fa5/Rd2.out)
(/tmp/RtmpFShswp/Rd2pdf771019c54fa5/Rd2.out)
(/usr/share/texlive/texmf-dist/tex/latex/inconsolata/t1zi4.fd)
(/usr/share/texlive/texmf-dist/tex/latex/psnfss/t1phv.fd)
(/tmp/RtmpFShswp/Rd2pdf771019c54fa5/Rd2.toc [1{/var/lib/texmf/fonts/map/pdftex/
updmap/pdftex.map}]) (/usr/share/texlive/texmf-dist/tex/latex/base/utf8.def)
[2] (/usr/share/texlive/texmf-dist/tex/latex/psnfss/ts1ptm.fd)
Overfull \hbox (21.31737pt too wide) in paragraph at lines 118--119
[]\T1/ptm/m/n/10 Model-Based HCRs: ane-HCRE, an-nu-al-TAC, CF-PM-SY-HCR, F2Catc
hHCR, Froe-se-HCR, IcesHCR,
[3]
Overfull \hbox (83.58102pt too wide) in paragraph at lines 158--158
 []\T1/zi4/m/n/9 # Load the data to run FLBEIA in a one stock one fleet example
 using the HCR used by ICES in the MSY framework.[] 

Overfull \hbox (119.581pt too wide) in paragraph at lines 161--161
 []\T1/zi4/m/n/9 oneAdv$TAC[,ac(2009:2025)] <- NA # Put NA-s in the projection 
years to check how the function fills the advice object.[] 
(/usr/share/texlive/texmf-dist/tex/latex/inconsolata/ts1zi4.fd)
Overfull \hbox (166.38101pt too wide) in paragraph at lines 163--163
 []\T1/zi4/m/n/9 res <- IcesHCR(oneSt, oneAdv, oneAdvC, 19, \TS1/zi4/m/n/9 '\T1
/zi4/m/n/9 stk1\TS1/zi4/m/n/9 '\T1/zi4/m/n/9 ) # The value printed in the scree
n is the fishing mortality used in the advice.[] 
(/usr/share/texlive/texmf-dist/tex/latex/base/utf8.def) [4] [5]
Overfull \hbox (1.63725pt too wide) in paragraph at lines 281--283
[]\T1/ptm/m/n/10 advSum, ad-v-SumQ: Data frame with the in-di-ca-tors re-lated 
with the man-age-ment ad-vice (TAC).
[6] [7]
Overfull \hbox (69.18097pt too wide) in paragraph at lines 401--401
 []\T1/zi4/m/n/9 # Wide format with seasonal disaggregation. No seasonal disagr
egation available for bio and adv summaries.[] 

Underfull \vbox (badness 10000) has occurred while \output is active [8]
Underfull \vbox (badness 10000) has occurred while \output is active [9]
Overfull \hbox (141.181pt too wide) in paragraph at lines 493--493
 []\T1/zi4/m/n/9 oneItRes_risk <- riskSum(oneItRes, Bpa = c(stk1= 900), Blim = 
c(stk1 = 600), Prflim = c(fl1 = 0), scenario = \TS1/zi4/m/n/9 '\T1/zi4/m/n/9 al
ternative\TS1/zi4/m/n/9 '\T1/zi4/m/n/9 )[] 

Underfull \vbox (badness 10000) has occurred while \output is active [10]
Overfull \hbox (322.98105pt too wide) in paragraph at lines 560--560
 []\T1/zi4/m/n/9 risk_multiRes <- riskSum(multiRes, Bpa = c(stk1= 135000, stk2 
= 124000), Blim = c(stk1= 96000, stk2 = 89000), Prflim = c(fl1 = 0, fl2 = 0), s
cenario = \TS1/zi4/m/n/9 '\T1/zi4/m/n/9 alternative\TS1/zi4/m/n/9 '\T1/zi4/m/n/
9 )[] 
(/usr/share/texlive/texmf-dist/tex/latex/base/utf8.def)
(/usr/share/texlive/texmf-dist/tex/latex/base/utf8.def) [11]
(/usr/share/texlive/texmf-dist/tex/latex/base/utf8.def) [12]
(/usr/share/texlive/texmf-dist/tex/latex/base/utf8.def) [13]
(/usr/share/texlive/texmf-dist/tex/latex/base/utf8.def) [14]
(/usr/share/texlive/texmf-dist/tex/latex/base/utf8.def)
(/usr/share/texlive/texmf-dist/tex/latex/base/utf8.def) [15]
(/usr/share/texlive/texmf-dist/tex/latex/base/utf8.def) [16]
(/usr/share/texlive/texmf-dist/tex/latex/base/utf8.def) [17]
Overfull \hbox (8.63734pt too wide) in paragraph at lines 982--983
[]\T1/ptm/m/n/10 fl.met.stk_landings.wt.flq: 'fl' fleet,'met' metier and 'stk' 
stock's mean weight

Overfull \hbox (7.51724pt too wide) in paragraph at lines 984--985
[]\T1/ptm/m/n/10 fl.met.stk_discards.wt.flq: 'fl' fleet,'met' metier and 'stk' 
stock's mean weight

Overfull \hbox (6.2476pt too wide) in paragraph at lines 990--992
[]\T1/ptm/m/n/10 fl.met.stk_proj.avg.yrs: His-toric years to cal-cu-late the av
-er-age of land-ings.wt,
[18] (/usr/share/texlive/texmf-dist/tex/latex/base/utf8.def)
Overfull \hbox (16.8382pt too wide) in paragraph at lines 1052--1053
[]\T1/ptm/m/n/10 stk_ind_index.flq: His-tor-i-cal in-dex data for in-dex 'ind' 
of stock 'stk' (FLQuant). 
[19]
Overfull \hbox (33.74802pt too wide) in paragraph at lines 1062--1063
[]\T1/ptm/m/n/10 stk_ind_catch.n.flq: Catch at age in num-bers for 'ind' in-dex
 of stock 'stk'(FLQuant). 

Overfull \hbox (21.06767pt too wide) in paragraph at lines 1065--1066
[]\T1/ptm/m/n/10 stk_ind_sel.pattern.flq: Se-lec-tion pat-tern for 'ind' in-dex
 of stock 'stk' (FLQuant). 
(/usr/share/texlive/texmf-dist/tex/latex/base/utf8.def) [20]
(/usr/share/texlive/texmf-dist/tex/latex/base/utf8.def) [21]
(/usr/share/texlive/texmf-dist/tex/latex/base/utf8.def) [22] [23]
(/usr/share/texlive/texmf-dist/tex/latex/base/utf8.def) [24]
Overfull \hbox (3.3171pt too wide) in paragraph at lines 1389--1391
[]\T1/ptm/m/n/10 B_flbeia, F_flbeia... re-turn an ar-ray with three di-men-sion
s (stock, year and iter). The sum-mary_flbeia
(/usr/share/texlive/texmf-dist/tex/latex/base/utf8.def) [25]
(/usr/share/texlive/texmf-dist/tex/latex/base/utf8.def) [26]
Overfull \hbox (83.58102pt too wide) in paragraph at lines 1515--1515
 []\T1/zi4/m/n/9 # Load the data to run FLBEIA in a one stock one fleet example
 using the HCR used by ICES in the MSY framework.[] 

Overfull \hbox (52.98099pt too wide) in paragraph at lines 1521--1521
 []\T1/zi4/m/n/9 # In this scenario a single, age-structured, stock is exploite
d by a single fleet with a unique metier.[] 

Overfull \hbox (56.581pt too wide) in paragraph at lines 1522--1522
 []\T1/zi4/m/n/9 # The fleet catches yearly exactly the adviced TAC and there i
s no exit-entry of vessels in the fishery.[] 

Overfull \hbox (24.18097pt too wide) in paragraph at lines 1523--1523
 []\T1/zi4/m/n/9 # The stock abundance and exploitation level is observed witho
ut error in the observation model.[] 

Overfull \hbox (71.88101pt too wide) in paragraph at lines 1524--1524
 []\T1/zi4/m/n/9 # There is no assessment model and the TAC advice is used thro
ugh the HCR used by ICES in the MSY framework.[] 

Overfull \hbox (59.28107pt too wide) in paragraph at lines 1536--1536
 []         \T1/zi4/m/n/9 main.ctrl = oneMainC,     # A list with one element t
o define the start and end of the simulation.[] 

Overfull \hbox (81.78107pt too wide) in paragraph at lines 1537--1537
 []        \T1/zi4/m/n/9 biols.ctrl = oneBioC,      # A list with one element t
o select the model to simulate the stock dynamics.[] 

Overfull \hbox (158.28107pt too wide) in paragraph at lines 1538--1538
 []       \T1/zi4/m/n/9 fleets.ctrl = oneFlC,       # A list with several eleme
nts to select fleet dynamic models and store additional parameters.[] 
[27]
Overfull \hbox (68.28107pt too wide) in paragraph at lines 1540--1540
 []          \T1/zi4/m/n/9 obs.ctrl = oneObsC,      # A list with one element t
o define how the stock observed ("PerfectObs").[] 

Overfull \hbox (136.68106pt too wide) in paragraph at lines 1541--1541
 []       \T1/zi4/m/n/9 assess.ctrl = oneAssC,      # A list with one element t
o define how the stock assessment model used ("NoAssessment").[] 

Overfull \hbox (95.28107pt too wide) in paragraph at lines 1542--1542
 []       \T1/zi4/m/n/9 advice.ctrl = oneAdvC)       # A list with one element 
to define how the TAC advice is obtained ("IcesHCR").[] 

Overfull \hbox (68.28107pt too wide) in paragraph at lines 1582--1582
 []         \T1/zi4/m/n/9 main.ctrl = oneItMainC,     # A list with one element
 to define the start and end of the simulation.[] 

Overfull \hbox (90.78107pt too wide) in paragraph at lines 1583--1583
 []        \T1/zi4/m/n/9 biols.ctrl = oneItBioC,      # A list with one element
 to select the model to simulate the stock dynamics.[] 

Overfull \hbox (167.28107pt too wide) in paragraph at lines 1584--1584
 []       \T1/zi4/m/n/9 fleets.ctrl = oneItFlC,       # A list with several ele
ments to select fleet dynamic models and store additional parameters.[] 

Overfull \hbox (77.28107pt too wide) in paragraph at lines 1586--1586
 []          \T1/zi4/m/n/9 obs.ctrl = oneItObsC,      # A list with one element
 to define how the stock observed ("PerfectObs").[] 

Overfull \hbox (145.68106pt too wide) in paragraph at lines 1587--1587
 []       \T1/zi4/m/n/9 assess.ctrl = oneItAssC,      # A list with one element
 to define how the stock assessment model used ("NoAssessment").[] 

Overfull \hbox (104.28107pt too wide) in paragraph at lines 1588--1588
 []       \T1/zi4/m/n/9 advice.ctrl = oneItAdvC)       # A list with one elemen
t to define how the TAC advice is obtained ("IcesHCR").[] 

Underfull \vbox (badness 10000) has occurred while \output is active [28]
Overfull \hbox (68.28107pt too wide) in paragraph at lines 1641--1641
 []         \T1/zi4/m/n/9 main.ctrl = multiMainC,     # A list with one element
 to define the start and end of the simulation.[] 

Overfull \hbox (90.78107pt too wide) in paragraph at lines 1642--1642
 []        \T1/zi4/m/n/9 biols.ctrl = multiBioC,      # A list with one element
 to select the model to simulate the stock dynamics.[] 

Overfull \hbox (167.28107pt too wide) in paragraph at lines 1643--1643
 []       \T1/zi4/m/n/9 fleets.ctrl = multiFlC,       # A list with several ele
ments to select fleet dynamic models and store additional parameters.[] 

Overfull \hbox (77.28107pt too wide) in paragraph at lines 1645--1645
 []          \T1/zi4/m/n/9 obs.ctrl = multiObsC,      # A list with one element
 to define how the stock observed ("PerfectObs").[] 

Overfull \hbox (145.68106pt too wide) in paragraph at lines 1646--1646
 []       \T1/zi4/m/n/9 assess.ctrl = multiAssC,      # A list with one element
 to define how the stock assessment model used ("NoAssessment").[] 

Overfull \hbox (104.28107pt too wide) in paragraph at lines 1647--1647
 []       \T1/zi4/m/n/9 advice.ctrl = multiAdvC)       # A list with one elemen
t to define how the TAC advice is obtained ("IcesHCR").[] 

Underfull \vbox (badness 10000) has occurred while \output is active [29]
(/usr/share/texlive/texmf-dist/tex/latex/base/utf8.def) [30pdfTeX warning (ext4
): destination with the same identifier (name{Rfn.FLCatchesExt,}) has been alre
ady used, duplicate ignored

\AtBegShi@Output ...ipout \box \AtBeginShipoutBox 
                                                  \fi \fi 
l.1743 FLCatchExt(object, ...)
                              pdfTeX warning (ext4): destination with the same 
identifier (name{Rfn.FLCatchesExt,}) has been already used, duplicate ignored

\AtBegShi@Output ...ipout \box \AtBeginShipoutBox 
                                                  \fi \fi 
l.1743 FLCatchExt(object, ...)
                              pdfTeX warning (ext4): destination with the same 
identifier (name{Rfn.FLCatchesExt,}) has been already used, duplicate ignored

\AtBegShi@Output ...ipout \box \AtBeginShipoutBox 
                                                  \fi \fi 
l.1743 FLCatchExt(object, ...)
                              pdfTeX warning (ext4): destination with the same 
identifier (name{Rfn.FLCatchesExt,}) has been already used, duplicate ignored

\AtBegShi@Output ...ipout \box \AtBeginShipoutBox 
                                                  \fi \fi 
l.1743 FLCatchExt(object, ...)
                              pdfTeX warning (ext4): destination with the same 
identifier (name{Rfn.FLCatchExt}) has been already used, duplicate ignored

\AtBegShi@Output ...ipout \box \AtBeginShipoutBox 
                                                  \fi \fi 
l.1743 FLCatchExt(object, ...)
                              pdfTeX warning (ext4): destination with the same 
identifier (name{Rfn.FLCatchExt}) has been already used, duplicate ignored

\AtBegShi@Output ...ipout \box \AtBeginShipoutBox 
                                                  \fi \fi 
l.1743 FLCatchExt(object, ...)
                              pdfTeX warning (ext4): destination with the same 
identifier (name{Rfn.FLCatchExt,}) has been already used, duplicate ignored

\AtBegShi@Output ...ipout \box \AtBeginShipoutBox 
                                                  \fi \fi 
l.1743 FLCatchExt(object, ...)
                              ] [31]
(/usr/share/texlive/texmf-dist/tex/latex/base/utf8.def) [32pdfTeX warning (ext4
): destination with the same identifier (name{Rfn.FLFleetExt,FLFleetExt.Rdash.m
ethod}) has been already used, duplicate ignored

\AtBegShi@Output ...ipout \box \AtBeginShipoutBox 
                                                  \fi \fi 
l.1878 ## S4 method for signature 'FLMetierExt'
                                               ]
(/usr/share/texlive/texmf-dist/tex/latex/base/utf8.def) [33] [34]
(/usr/share/texlive/texmf-dist/tex/latex/base/utf8.def) [35]
(/usr/share/texlive/texmf-dist/tex/latex/base/utf8.def)
Overfull \hbox (0.48785pt too wide) in paragraph at lines 2100--2101
[]\T1/ptm/m/n/10 Numeric. Blim ref-er-ence point for the stock (op-tional ar-gu
-ment).=NA, Bpa=NA,
[36]
Overfull \hbox (9.78094pt too wide) in paragraph at lines 2143--2143
 []\T1/zi4/m/n/9 plotbioSum( bioSum(oneRes), Blim=800, Bpa=1200, proj.yr=2010) 
# bioSum output in wide format[] 

Overfull \hbox (56.58096pt too wide) in paragraph at lines 2151--2151
 []\T1/zi4/m/n/9 plotfltSum( fltSum(oneRes, byyear = FALSE)) # although seasona
l disagregation, it is summarised by year[] 

Overfull \hbox (38.58096pt too wide) in paragraph at lines 2167--2167
 []\T1/zi4/m/n/9 plotfltSum( fltSum(s1, byyear = FALSE)) # although seasonal di
sagregation, it is summarised by year[] 
(/usr/share/texlive/texmf-dist/tex/latex/base/utf8.def) [37]
(/usr/share/texlive/texmf-dist/tex/latex/base/utf8.def) [38]
(/usr/share/texlive/texmf-dist/tex/latex/base/utf8.def) [39]
(/usr/share/texlive/texmf-dist/tex/latex/base/utf8.def)
(/usr/share/texlive/texmf-dist/tex/latex/base/utf8.def) [40]
(/usr/share/texlive/texmf-dist/tex/latex/base/utf8.def) [41]
(/usr/share/texlive/texmf-dist/tex/latex/base/utf8.def) [42]
(/tmp/RtmpFShswp/Rd2pdf771019c54fa5/Rd2.ind [43]

LaTeX Font Warning: Font shape `T1/zi4/m/it' undefined
(Font)              using `T1/zi4/m/n' instead on input line 7.


Overfull \hbox (10.8567pt too wide) in paragraph at lines 23--25
[]\T1/zi4/m/it/10 [<-,FLCatchExt,ANY,ANY,FLCatchExt-method 

Overfull \hbox (5.8567pt too wide) in paragraph at lines 34--36
[]\T1/zi4/m/it/10 addFLCatch,FLCatchExt,FLCatchExt-method 

Overfull \hbox (10.8567pt too wide) in paragraph at lines 66--68
[]\T1/zi4/m/it/10 catchNames<-,FLCatchExt,character-method 
[44] [45] [46]) (/tmp/RtmpFShswp/Rd2pdf771019c54fa5/Rd2.aux)

LaTeX Font Warning: Some font shapes were not available, defaults substituted.

 )
(see the transcript file for additional information)pdfTeX warning (dest): name
{Rfn.FLQuant.Rdash.class} has been referenced but does not exist, replaced by a
 fixed one

pdfTeX warning (dest): name{Rfn.FLIndices.Rdash.class} has been referenced but 
does not exist, replaced by a fixed one

pdfTeX warning (dest): name{Rfn.FLSRSim.Rdash.class} has been referenced but do
es not exist, replaced by a fixed one

pdfTeX warning (dest): name{Rfn.FLBiols.Rdash.class} has been referenced but do
es not exist, replaced by a fixed one

pdfTeX warning (dest): name{Rfn.data.frame} has been referenced but does not ex
ist, replaced by a fixed one

pdfTeX warning (dest): name{Rfn.bevholt} has been referenced but does not exist
, replaced by a fixed one

pdfTeX warning (dest): name{Rfn.FLIndices} has been referenced but does not exi
st, replaced by a fixed one

pdfTeX warning (dest): name{Rfn.FLQuants} has been referenced but does not exis
t, replaced by a fixed one

pdfTeX warning (dest): name{Rfn.FLBiols} has been referenced but does not exist
, replaced by a fixed one

pdfTeX warning (dest): name{Rfn.create.fleets.arrays} has been referenced but d
oes not exist, replaced by a fixed one

pdfTeX warning (dest): name{Rfn.FLBiol} has been referenced but does not exist,
 replaced by a fixed one

{/usr/share/texlive/texmf-dist/fonts/enc/dvips/inconsolata/i4-ts1.enc}{/usr/sha
re/texlive/texmf-dist/fonts/enc/dvips/base/8r.enc}{/usr/share/texlive/texmf-dis
t/fonts/enc/dvips/inconsolata/i4-t1-0.enc}</usr/share/texlive/texmf-dist/fonts/
type1/public/inconsolata/Inconsolata-zi4r.pfb></usr/share/texlive/texmf-dist/fo
nts/type1/public/amsfonts/cm/cmsy10.pfb></usr/share/texlive/texmf-dist/fonts/ty
pe1/urw/helvetic/uhvr8a.pfb></usr/share/texlive/texmf-dist/fonts/type1/urw/time
s/utmb8a.pfb></usr/share/texlive/texmf-dist/fonts/type1/urw/times/utmr8a.pfb></
usr/share/texlive/texmf-dist/fonts/type1/urw/times/utmr8a.pfb></usr/share/texli
ve/texmf-dist/fonts/type1/urw/times/utmri8a.pfb>
Output written on Rd2.pdf (46 pages, 183815 bytes).
Transcript written on Rd2.log.
Saving output to FLBEIA-manual.pdf ...
Done
You may want to clean up by 'rm -Rf /tmp/RtmpFShswp/Rd2pdf771019c54fa5'
